<?xml version="1.0" encoding="UTF-8"?>
<testng-results ignored="0" total="1" passed="1" failed="0" skipped="0">
  <reporter-output>
  </reporter-output>
  <suite started-at="2023-07-10T16:53:30 IST" name="Command line suite" finished-at="2023-07-10T16:53:36 IST" duration-ms="6465">
    <groups>
    </groups>
    <test started-at="2023-07-10T16:53:30 IST" name="Command line test" finished-at="2023-07-10T16:53:36 IST" duration-ms="6465">
      <class name="day17.Demo1">
        <test-method signature="test()[pri:0, instance:day17.Demo1@c8c12ac]" started-at="2023-07-10T16:53:30 IST" name="test" finished-at="2023-07-10T16:53:36 IST" duration-ms="6424" status="PASS">
          <reporter-output>
          </reporter-output>
        </test-method> <!-- test -->
      </class> <!-- day17.Demo1 -->
    </test> <!-- Command line test -->
  </suite> <!-- Command line suite -->
</testng-results>
